<?xml version="1.0" encoding="UTF-8"?>
<!-- Generated by org.testng.reporters.JUnitReportReporter -->
<testsuite hostname="TheBeast" failures="0" tests="1" name="tests.LoginTests" time="6.515" errors="0" timestamp="2023-01-10T11:29:43 GMT" skipped="0">
  <testcase classname="tests.LoginTests" name="verifySuccessfulLogin" time="6.515"/>
  <system-out/>
</testsuite> <!-- tests.LoginTests -->
