<?xml version="1.0" encoding="UTF-8"?>
<!-- Generated by org.testng.reporters.JUnitReportReporter -->
<testsuite hostname="TheBeast" failures="0" tests="1" name="test.LoginTest" time="4.692" errors="0" timestamp="2023-01-11T19:26:06 GMT" skipped="0">
  <testcase classname="test.LoginTest" name="verifySuccessfulLogin" time="4.692"/>
  <system-out/>
</testsuite> <!-- test.LoginTest -->
