<?xml version="1.0" encoding="UTF-8"?>
<!-- Generated by org.testng.reporters.JUnitReportReporter -->
<testsuite hostname="TheBeast" failures="0" tests="1" name="tests.LoginTests" time="5.020" errors="0" timestamp="2023-01-11T18:52:43 GMT" skipped="0">
  <testcase classname="tests.LoginTests" name="verifySuccessfulLogin" time="5.020"/>
  <system-out/>
</testsuite> <!-- tests.LoginTests -->
